<?xml version="1.0" encoding="UTF-8"?>
<testsuite xmlns:xsi="http://www.w3.org/2001/XMLSchema-instance" xsi:noNamespaceSchemaLocation="https://maven.apache.org/surefire/maven-surefire-plugin/xsd/surefire-test-report.xsd" name="mflix.api.daos.MigrationTest" time="8.009" tests="2" errors="0" skipped="0" failures="2">
  <properties>
[...]
</properties>
  <testcase name="testAllDocumentsIMDBRatingNumber" classname="mflix.api.daos.MigrationTest" time="5.014">
    <failure message="Should not find documents where `imdb.rating` is of not of `number` type expected:&lt;0&gt; but was:&lt;61&gt;" type="java.lang.AssertionError"><![CDATA[java.lang.AssertionError: Should not find documents where `imdb.rating` is of not of `number` type expected:<0> but was:<61>
	at mflix.api.daos.MigrationTest.testAllDocumentsIMDBRatingNumber(MigrationTest.java:42)
]]></failure>
    <system-out><![CDATA[08:51:47.444 [main] INFO org.mongodb.driver.cluster - Cluster created with settings {hosts=[mflix-shard-00-02-qgaw0.mongodb.net:27017, mflix-shard-00-00-qgaw0.mongodb.net:27017, mflix-shard-00-01-qgaw0.mongodb.net:27017], mode=MULTIPLE, requiredClusterType=REPLICA_SET, serverSelectionTimeout='30000 ms', maxWaitQueueSize=500, requiredReplicaSetName='mflix-shard-0'}
08:51:47.447 [main] INFO org.mongodb.driver.cluster - Adding discovered server mflix-shard-00-02-qgaw0.mongodb.net:27017 to client view of cluster
08:51:47.471 [main] INFO org.mongodb.driver.cluster - Adding discovered server mflix-shard-00-00-qgaw0.mongodb.net:27017 to client view of cluster
08:51:47.472 [main] INFO org.mongodb.driver.cluster - Adding discovered server mflix-shard-00-01-qgaw0.mongodb.net:27017 to client view of cluster
08:51:47.474 [main] DEBUG org.mongodb.driver.cluster - Updating cluster description to  {type=REPLICA_SET, servers=[{address=mflix-shard-00-01-qgaw0.mongodb.net:27017, type=UNKNOWN, state=CONNECTING}, {address=mflix-shard-00-00-qgaw0.mongodb.net:27017, type=UNKNOWN, state=CONNECTING}, {address=mflix-shard-00-02-qgaw0.mongodb.net:27017, type=UNKNOWN, state=CONNECTING}]
08:51:47.510 [main] INFO org.mongodb.driver.cluster - No server chosen by com.mongodb.client.internal.MongoClientDelegate$1@7fad8c79 from cluster description ClusterDescription{type=REPLICA_SET, connectionMode=MULTIPLE, serverDescriptions=[ServerDescription{address=mflix-shard-00-01-qgaw0.mongodb.net:27017, type=UNKNOWN, state=CONNECTING}, ServerDescription{address=mflix-shard-00-00-qgaw0.mongodb.net:27017, type=UNKNOWN, state=CONNECTING}, ServerDescription{address=mflix-shard-00-02-qgaw0.mongodb.net:27017, type=UNKNOWN, state=CONNECTING}]}. Waiting for 30000 ms before timing out
08:51:49.885 [cluster-ClusterId{value='5d933dd3d460a41b00e2ecc6', description='null'}-mflix-shard-00-01-qgaw0.mongodb.net:27017] INFO org.mongodb.driver.connection - Opened connection [connectionId{localValue:2, serverValue:523258}] to mflix-shard-00-01-qgaw0.mongodb.net:27017
08:51:49.885 [cluster-ClusterId{value='5d933dd3d460a41b00e2ecc6', description='null'}-mflix-shard-00-00-qgaw0.mongodb.net:27017] INFO org.mongodb.driver.connection - Opened connection [connectionId{localValue:3, serverValue:584816}] to mflix-shard-00-00-qgaw0.mongodb.net:27017
08:51:49.885 [cluster-ClusterId{value='5d933dd3d460a41b00e2ecc6', description='null'}-mflix-shard-00-01-qgaw0.mongodb.net:27017] DEBUG org.mongodb.driver.cluster - Checking status of mflix-shard-00-01-qgaw0.mongodb.net:27017
08:51:49.885 [cluster-ClusterId{value='5d933dd3d460a41b00e2ecc6', description='null'}-mflix-shard-00-00-qgaw0.mongodb.net:27017] DEBUG org.mongodb.driver.cluster - Checking status of mflix-shard-00-00-qgaw0.mongodb.net:27017
08:51:49.886 [cluster-ClusterId{value='5d933dd3d460a41b00e2ecc6', description='null'}-mflix-shard-00-02-qgaw0.mongodb.net:27017] INFO org.mongodb.driver.connection - Opened connection [connectionId{localValue:1, serverValue:525679}] to mflix-shard-00-02-qgaw0.mongodb.net:27017
08:51:49.886 [cluster-ClusterId{value='5d933dd3d460a41b00e2ecc6', description='null'}-mflix-shard-00-02-qgaw0.mongodb.net:27017] DEBUG org.mongodb.driver.cluster - Checking status of mflix-shard-00-02-qgaw0.mongodb.net:27017
08:51:49.913 [cluster-ClusterId{value='5d933dd3d460a41b00e2ecc6', description='null'}-mflix-shard-00-00-qgaw0.mongodb.net:27017] DEBUG org.mongodb.driver.protocol.command - Sending command '{ "ismaster" : 1, "$db" : "admin" }' with request id 11 to database admin on connection [connectionId{localValue:3, serverValue:584816}] to server mflix-shard-00-00-qgaw0.mongodb.net:27017
08:51:49.913 [cluster-ClusterId{value='5d933dd3d460a41b00e2ecc6', description='null'}-mflix-shard-00-02-qgaw0.mongodb.net:27017] DEBUG org.mongodb.driver.protocol.command - Sending command '{ "ismaster" : 1, "$db" : "admin" }' with request id 12 to database admin on connection [connectionId{localValue:1, serverValue:525679}] to server mflix-shard-00-02-qgaw0.mongodb.net:27017
08:51:49.913 [cluster-ClusterId{value='5d933dd3d460a41b00e2ecc6', description='null'}-mflix-shard-00-01-qgaw0.mongodb.net:27017] DEBUG org.mongodb.driver.protocol.command - Sending command '{ "ismaster" : 1, "$db" : "admin" }' with request id 10 to database admin on connection [connectionId{localValue:2, serverValue:523258}] to server mflix-shard-00-01-qgaw0.mongodb.net:27017
08:51:50.073 [cluster-ClusterId{value='5d933dd3d460a41b00e2ecc6', description='null'}-mflix-shard-00-00-qgaw0.mongodb.net:27017] DEBUG org.mongodb.driver.protocol.command - Execution of command with request id 11 completed successfully in 179.28 ms on connection [connectionId{localValue:3, serverValue:584816}] to server mflix-shard-00-00-qgaw0.mongodb.net:27017
08:51:50.076 [cluster-ClusterId{value='5d933dd3d460a41b00e2ecc6', description='null'}-mflix-shard-00-01-qgaw0.mongodb.net:27017] DEBUG org.mongodb.driver.protocol.command - Execution of command with request id 10 completed successfully in 183.98 ms on connection [connectionId{localValue:2, serverValue:523258}] to server mflix-shard-00-01-qgaw0.mongodb.net:27017
08:51:50.076 [cluster-ClusterId{value='5d933dd3d460a41b00e2ecc6', description='null'}-mflix-shard-00-02-qgaw0.mongodb.net:27017] DEBUG org.mongodb.driver.protocol.command - Execution of command with request id 12 completed successfully in 184.07 ms on connection [connectionId{localValue:1, serverValue:525679}] to server mflix-shard-00-02-qgaw0.mongodb.net:27017
08:51:50.086 [cluster-ClusterId{value='5d933dd3d460a41b00e2ecc6', description='null'}-mflix-shard-00-01-qgaw0.mongodb.net:27017] INFO org.mongodb.driver.cluster - Monitor thread successfully connected to server with description ServerDescription{address=mflix-shard-00-01-qgaw0.mongodb.net:27017, type=REPLICA_SET_SECONDARY, state=CONNECTED, ok=true, version=ServerVersion{versionList=[4, 0, 12]}, minWireVersion=0, maxWireVersion=7, maxDocumentSize=16777216, logicalSessionTimeoutMinutes=30, roundTripTimeNanos=191030800, setName='mflix-shard-0', canonicalAddress=mflix-shard-00-01-qgaw0.mongodb.net:27017, hosts=[mflix-shard-00-02-qgaw0.mongodb.net:27017, mflix-shard-00-00-qgaw0.mongodb.net:27017, mflix-shard-00-01-qgaw0.mongodb.net:27017], passives=[], arbiters=[], primary='mflix-shard-00-00-qgaw0.mongodb.net:27017', tagSet=TagSet{[Tag{name='region', value='US_EAST_1'}, Tag{name='provider', value='AWS'}, Tag{name='nodeType', value='ELECTABLE'}]}, electionId=null, setVersion=1, lastWriteDate=Tue Oct 01 08:51:36 UYT 2019, lastUpdateTimeNanos=558296516705899}
08:51:50.086 [cluster-ClusterId{value='5d933dd3d460a41b00e2ecc6', description='null'}-mflix-shard-00-00-qgaw0.mongodb.net:27017] INFO org.mongodb.driver.cluster - Monitor thread successfully connected to server with description ServerDescription{address=mflix-shard-00-00-qgaw0.mongodb.net:27017, type=REPLICA_SET_PRIMARY, state=CONNECTED, ok=true, version=ServerVersion{versionList=[4, 0, 12]}, minWireVersion=0, maxWireVersion=7, maxDocumentSize=16777216, logicalSessionTimeoutMinutes=30, roundTripTimeNanos=187911001, setName='mflix-shard-0', canonicalAddress=mflix-shard-00-00-qgaw0.mongodb.net:27017, hosts=[mflix-shard-00-02-qgaw0.mongodb.net:27017, mflix-shard-00-00-qgaw0.mongodb.net:27017, mflix-shard-00-01-qgaw0.mongodb.net:27017], passives=[], arbiters=[], primary='mflix-shard-00-00-qgaw0.mongodb.net:27017', tagSet=TagSet{[Tag{name='region', value='US_EAST_1'}, Tag{name='provider', value='AWS'}, Tag{name='nodeType', value='ELECTABLE'}]}, electionId=7fffffff0000000000000007, setVersion=1, lastWriteDate=Tue Oct 01 08:51:36 UYT 2019, lastUpdateTimeNanos=558296514780200}
08:51:50.086 [cluster-ClusterId{value='5d933dd3d460a41b00e2ecc6', description='null'}-mflix-shard-00-02-qgaw0.mongodb.net:27017] INFO org.mongodb.driver.cluster - Monitor thread successfully connected to server with description ServerDescription{address=mflix-shard-00-02-qgaw0.mongodb.net:27017, type=REPLICA_SET_SECONDARY, state=CONNECTED, ok=true, version=ServerVersion{versionList=[4, 0, 12]}, minWireVersion=0, maxWireVersion=7, maxDocumentSize=16777216, logicalSessionTimeoutMinutes=30, roundTripTimeNanos=190712500, setName='mflix-shard-0', canonicalAddress=mflix-shard-00-02-qgaw0.mongodb.net:27017, hosts=[mflix-shard-00-02-qgaw0.mongodb.net:27017, mflix-shard-00-00-qgaw0.mongodb.net:27017, mflix-shard-00-01-qgaw0.mongodb.net:27017], passives=[], arbiters=[], primary='mflix-shard-00-00-qgaw0.mongodb.net:27017', tagSet=TagSet{[Tag{name='region', value='US_EAST_1'}, Tag{name='provider', value='AWS'}, Tag{name='nodeType', value='ELECTABLE'}]}, electionId=null, setVersion=1, lastWriteDate=Tue Oct 01 08:51:36 UYT 2019, lastUpdateTimeNanos=558296516611899}
08:51:50.089 [cluster-ClusterId{value='5d933dd3d460a41b00e2ecc6', description='null'}-mflix-shard-00-01-qgaw0.mongodb.net:27017] DEBUG org.mongodb.driver.cluster - Updating cluster description to  {type=REPLICA_SET, servers=[{address=mflix-shard-00-01-qgaw0.mongodb.net:27017, type=REPLICA_SET_SECONDARY, TagSet{[Tag{name='region', value='US_EAST_1'}, Tag{name='provider', value='AWS'}, Tag{name='nodeType', value='ELECTABLE'}]}, roundTripTime=191.0 ms, state=CONNECTED}, {address=mflix-shard-00-00-qgaw0.mongodb.net:27017, type=UNKNOWN, state=CONNECTING}, {address=mflix-shard-00-02-qgaw0.mongodb.net:27017, type=UNKNOWN, state=CONNECTING}]
08:51:50.090 [cluster-ClusterId{value='5d933dd3d460a41b00e2ecc6', description='null'}-mflix-shard-00-02-qgaw0.mongodb.net:27017] DEBUG org.mongodb.driver.cluster - Updating cluster description to  {type=REPLICA_SET, servers=[{address=mflix-shard-00-01-qgaw0.mongodb.net:27017, type=REPLICA_SET_SECONDARY, TagSet{[Tag{name='region', value='US_EAST_1'}, Tag{name='provider', value='AWS'}, Tag{name='nodeType', value='ELECTABLE'}]}, roundTripTime=191.0 ms, state=CONNECTED}, {address=mflix-shard-00-00-qgaw0.mongodb.net:27017, type=UNKNOWN, state=CONNECTING}, {address=mflix-shard-00-02-qgaw0.mongodb.net:27017, type=REPLICA_SET_SECONDARY, TagSet{[Tag{name='region', value='US_EAST_1'}, Tag{name='provider', value='AWS'}, Tag{name='nodeType', value='ELECTABLE'}]}, roundTripTime=190.7 ms, state=CONNECTED}]
08:51:50.091 [cluster-ClusterId{value='5d933dd3d460a41b00e2ecc6', description='null'}-mflix-shard-00-00-qgaw0.mongodb.net:27017] INFO org.mongodb.driver.cluster - Setting max election id to 7fffffff0000000000000007 from replica set primary mflix-shard-00-00-qgaw0.mongodb.net:27017
08:51:50.091 [cluster-ClusterId{value='5d933dd3d460a41b00e2ecc6', description='null'}-mflix-shard-00-00-qgaw0.mongodb.net:27017] INFO org.mongodb.driver.cluster - Setting max set version to 1 from replica set primary mflix-shard-00-00-qgaw0.mongodb.net:27017
08:51:50.091 [cluster-ClusterId{value='5d933dd3d460a41b00e2ecc6', description='null'}-mflix-shard-00-00-qgaw0.mongodb.net:27017] INFO org.mongodb.driver.cluster - Discovered replica set primary mflix-shard-00-00-qgaw0.mongodb.net:27017
08:51:50.092 [cluster-ClusterId{value='5d933dd3d460a41b00e2ecc6', description='null'}-mflix-shard-00-00-qgaw0.mongodb.net:27017] DEBUG org.mongodb.driver.cluster - Updating cluster description to  {type=REPLICA_SET, servers=[{address=mflix-shard-00-01-qgaw0.mongodb.net:27017, type=REPLICA_SET_SECONDARY, TagSet{[Tag{name='region', value='US_EAST_1'}, Tag{name='provider', value='AWS'}, Tag{name='nodeType', value='ELECTABLE'}]}, roundTripTime=191.0 ms, state=CONNECTED}, {address=mflix-shard-00-00-qgaw0.mongodb.net:27017, type=REPLICA_SET_PRIMARY, TagSet{[Tag{name='region', value='US_EAST_1'}, Tag{name='provider', value='AWS'}, Tag{name='nodeType', value='ELECTABLE'}]}, roundTripTime=187.9 ms, state=CONNECTED}, {address=mflix-shard-00-02-qgaw0.mongodb.net:27017, type=REPLICA_SET_SECONDARY, TagSet{[Tag{name='region', value='US_EAST_1'}, Tag{name='provider', value='AWS'}, Tag{name='nodeType', value='ELECTABLE'}]}, roundTripTime=190.7 ms, state=CONNECTED}]
08:51:51.596 [main] INFO org.mongodb.driver.connection - Opened connection [connectionId{localValue:4, serverValue:584816}] to mflix-shard-00-00-qgaw0.mongodb.net:27017
08:51:51.621 [main] DEBUG org.mongodb.driver.protocol.command - Sending command '{ "aggregate" : "movies", "pipeline" : [{ "$match" : { "imdb.rating" : { "$not" : { "$type" : "number" } } } }, { "$group" : { "_id" : null, "n" : { "$sum" : 1 } } }], "cursor" : { }, "$db" : "sample_mflix", "$clusterTime" : { "clusterTime" : { "$timestamp" : { "t" : 1569930696, "i" : 13 } }, "signature" : { "hash" : { "$binary" : { "base64" : "C5LeE7Y6RGd2/P7jFupwCoFe00A=", "subType" : "00" } }, "keyId" : 6688656478204592130 } }, "lsid" : { "id" : { "$binary" : { "base64" : "7EybcnDCRemI65gYZXMKWw==", "subType" : "04" } } } }' with request id 19 to database sample_mflix on connection [connectionId{localValue:4, serverValue:584816}] to server mflix-shard-00-00-qgaw0.mongodb.net:27017
08:51:51.799 [main] DEBUG org.mongodb.driver.protocol.command - Execution of command with request id 19 completed successfully in 179.84 ms on connection [connectionId{localValue:4, serverValue:584816}] to server mflix-shard-00-00-qgaw0.mongodb.net:27017
]]></system-out>
  </testcase>
  <testcase name="testAllDocumentsUpdateDateIsDateType" classname="mflix.api.daos.MigrationTest" time="2.939">
    <failure message="Should not find documents where `lastupdated` is of `string` type expected:&lt;0&gt; but was:&lt;23539&gt;" type="java.lang.AssertionError"><![CDATA[java.lang.AssertionError: Should not find documents where `lastupdated` is of `string` type expected:<0> but was:<23539>
	at mflix.api.daos.MigrationTest.testAllDocumentsUpdateDateIsDateType(MigrationTest.java:31)
]]></failure>
    <system-out><![CDATA[08:51:51.889 [main] INFO org.mongodb.driver.cluster - Cluster created with settings {hosts=[mflix-shard-00-01-qgaw0.mongodb.net:27017, mflix-shard-00-02-qgaw0.mongodb.net:27017, mflix-shard-00-00-qgaw0.mongodb.net:27017], mode=MULTIPLE, requiredClusterType=REPLICA_SET, serverSelectionTimeout='30000 ms', maxWaitQueueSize=500, requiredReplicaSetName='mflix-shard-0'}
08:51:51.890 [main] INFO org.mongodb.driver.cluster - Adding discovered server mflix-shard-00-01-qgaw0.mongodb.net:27017 to client view of cluster
08:51:51.892 [main] INFO org.mongodb.driver.cluster - Adding discovered server mflix-shard-00-02-qgaw0.mongodb.net:27017 to client view of cluster
08:51:51.895 [main] INFO org.mongodb.driver.cluster - Adding discovered server mflix-shard-00-00-qgaw0.mongodb.net:27017 to client view of cluster
08:51:51.898 [main] DEBUG org.mongodb.driver.cluster - Updating cluster description to  {type=REPLICA_SET, servers=[{address=mflix-shard-00-01-qgaw0.mongodb.net:27017, type=UNKNOWN, state=CONNECTING}, {address=mflix-shard-00-00-qgaw0.mongodb.net:27017, type=UNKNOWN, state=CONNECTING}, {address=mflix-shard-00-02-qgaw0.mongodb.net:27017, type=UNKNOWN, state=CONNECTING}]
08:51:51.899 [main] INFO org.mongodb.driver.cluster - No server chosen by com.mongodb.client.internal.MongoClientDelegate$1@35083305 from cluster description ClusterDescription{type=REPLICA_SET, connectionMode=MULTIPLE, serverDescriptions=[ServerDescription{address=mflix-shard-00-01-qgaw0.mongodb.net:27017, type=UNKNOWN, state=CONNECTING}, ServerDescription{address=mflix-shard-00-00-qgaw0.mongodb.net:27017, type=UNKNOWN, state=CONNECTING}, ServerDescription{address=mflix-shard-00-02-qgaw0.mongodb.net:27017, type=UNKNOWN, state=CONNECTING}]}. Waiting for 30000 ms before timing out
08:51:52.891 [cluster-ClusterId{value='5d933dd7d460a41b00e2ecc7', description='null'}-mflix-shard-00-02-qgaw0.mongodb.net:27017] INFO org.mongodb.driver.connection - Opened connection [connectionId{localValue:6, serverValue:525679}] to mflix-shard-00-02-qgaw0.mongodb.net:27017
08:51:52.892 [cluster-ClusterId{value='5d933dd7d460a41b00e2ecc7', description='null'}-mflix-shard-00-02-qgaw0.mongodb.net:27017] DEBUG org.mongodb.driver.cluster - Checking status of mflix-shard-00-02-qgaw0.mongodb.net:27017
08:51:52.894 [cluster-ClusterId{value='5d933dd7d460a41b00e2ecc7', description='null'}-mflix-shard-00-02-qgaw0.mongodb.net:27017] DEBUG org.mongodb.driver.protocol.command - Sending command '{ "ismaster" : 1, "$db" : "admin" }' with request id 29 to database admin on connection [connectionId{localValue:6, serverValue:525679}] to server mflix-shard-00-02-qgaw0.mongodb.net:27017
08:51:52.896 [cluster-ClusterId{value='5d933dd7d460a41b00e2ecc7', description='null'}-mflix-shard-00-00-qgaw0.mongodb.net:27017] INFO org.mongodb.driver.connection - Opened connection [connectionId{localValue:7, serverValue:584816}] to mflix-shard-00-00-qgaw0.mongodb.net:27017
08:51:52.896 [cluster-ClusterId{value='5d933dd7d460a41b00e2ecc7', description='null'}-mflix-shard-00-00-qgaw0.mongodb.net:27017] DEBUG org.mongodb.driver.cluster - Checking status of mflix-shard-00-00-qgaw0.mongodb.net:27017
08:51:52.896 [cluster-ClusterId{value='5d933dd7d460a41b00e2ecc7', description='null'}-mflix-shard-00-01-qgaw0.mongodb.net:27017] INFO org.mongodb.driver.connection - Opened connection [connectionId{localValue:5, serverValue:523258}] to mflix-shard-00-01-qgaw0.mongodb.net:27017
08:51:52.897 [cluster-ClusterId{value='5d933dd7d460a41b00e2ecc7', description='null'}-mflix-shard-00-01-qgaw0.mongodb.net:27017] DEBUG org.mongodb.driver.cluster - Checking status of mflix-shard-00-01-qgaw0.mongodb.net:27017
08:51:52.898 [cluster-ClusterId{value='5d933dd7d460a41b00e2ecc7', description='null'}-mflix-shard-00-00-qgaw0.mongodb.net:27017] DEBUG org.mongodb.driver.protocol.command - Sending command '{ "ismaster" : 1, "$db" : "admin" }' with request id 30 to database admin on connection [connectionId{localValue:7, serverValue:584816}] to server mflix-shard-00-00-qgaw0.mongodb.net:27017
08:51:52.899 [cluster-ClusterId{value='5d933dd7d460a41b00e2ecc7', description='null'}-mflix-shard-00-01-qgaw0.mongodb.net:27017] DEBUG org.mongodb.driver.protocol.command - Sending command '{ "ismaster" : 1, "$db" : "admin" }' with request id 31 to database admin on connection [connectionId{localValue:5, serverValue:523258}] to server mflix-shard-00-01-qgaw0.mongodb.net:27017
08:51:53.051 [cluster-ClusterId{value='5d933dd7d460a41b00e2ecc7', description='null'}-mflix-shard-00-02-qgaw0.mongodb.net:27017] DEBUG org.mongodb.driver.protocol.command - Execution of command with request id 29 completed successfully in 158.27 ms on connection [connectionId{localValue:6, serverValue:525679}] to server mflix-shard-00-02-qgaw0.mongodb.net:27017
08:51:53.052 [cluster-ClusterId{value='5d933dd7d460a41b00e2ecc7', description='null'}-mflix-shard-00-02-qgaw0.mongodb.net:27017] INFO org.mongodb.driver.cluster - Monitor thread successfully connected to server with description ServerDescription{address=mflix-shard-00-02-qgaw0.mongodb.net:27017, type=REPLICA_SET_SECONDARY, state=CONNECTED, ok=true, version=ServerVersion{versionList=[4, 0, 12]}, minWireVersion=0, maxWireVersion=7, maxDocumentSize=16777216, logicalSessionTimeoutMinutes=30, roundTripTimeNanos=159752800, setName='mflix-shard-0', canonicalAddress=mflix-shard-00-02-qgaw0.mongodb.net:27017, hosts=[mflix-shard-00-02-qgaw0.mongodb.net:27017, mflix-shard-00-00-qgaw0.mongodb.net:27017, mflix-shard-00-01-qgaw0.mongodb.net:27017], passives=[], arbiters=[], primary='mflix-shard-00-00-qgaw0.mongodb.net:27017', tagSet=TagSet{[Tag{name='region', value='US_EAST_1'}, Tag{name='provider', value='AWS'}, Tag{name='nodeType', value='ELECTABLE'}]}, electionId=null, setVersion=1, lastWriteDate=Tue Oct 01 08:51:36 UYT 2019, lastUpdateTimeNanos=558299491313300}
08:51:53.054 [cluster-ClusterId{value='5d933dd7d460a41b00e2ecc7', description='null'}-mflix-shard-00-02-qgaw0.mongodb.net:27017] DEBUG org.mongodb.driver.cluster - Updating cluster description to  {type=REPLICA_SET, servers=[{address=mflix-shard-00-01-qgaw0.mongodb.net:27017, type=UNKNOWN, state=CONNECTING}, {address=mflix-shard-00-00-qgaw0.mongodb.net:27017, type=UNKNOWN, state=CONNECTING}, {address=mflix-shard-00-02-qgaw0.mongodb.net:27017, type=REPLICA_SET_SECONDARY, TagSet{[Tag{name='region', value='US_EAST_1'}, Tag{name='provider', value='AWS'}, Tag{name='nodeType', value='ELECTABLE'}]}, roundTripTime=159.8 ms, state=CONNECTED}]
08:51:53.055 [main] INFO org.mongodb.driver.cluster - No server chosen by ReadPreferenceServerSelector{readPreference=primary} from cluster description ClusterDescription{type=REPLICA_SET, connectionMode=MULTIPLE, serverDescriptions=[ServerDescription{address=mflix-shard-00-01-qgaw0.mongodb.net:27017, type=UNKNOWN, state=CONNECTING}, ServerDescription{address=mflix-shard-00-00-qgaw0.mongodb.net:27017, type=UNKNOWN, state=CONNECTING}, ServerDescription{address=mflix-shard-00-02-qgaw0.mongodb.net:27017, type=REPLICA_SET_SECONDARY, state=CONNECTED, ok=true, version=ServerVersion{versionList=[4, 0, 12]}, minWireVersion=0, maxWireVersion=7, maxDocumentSize=16777216, logicalSessionTimeoutMinutes=30, roundTripTimeNanos=159752800, setName='mflix-shard-0', canonicalAddress=mflix-shard-00-02-qgaw0.mongodb.net:27017, hosts=[mflix-shard-00-02-qgaw0.mongodb.net:27017, mflix-shard-00-00-qgaw0.mongodb.net:27017, mflix-shard-00-01-qgaw0.mongodb.net:27017], passives=[], arbiters=[], primary='mflix-shard-00-00-qgaw0.mongodb.net:27017', tagSet=TagSet{[Tag{name='region', value='US_EAST_1'}, Tag{name='provider', value='AWS'}, Tag{name='nodeType', value='ELECTABLE'}]}, electionId=null, setVersion=1, lastWriteDate=Tue Oct 01 08:51:36 UYT 2019, lastUpdateTimeNanos=558299491313300}]}. Waiting for 30000 ms before timing out
08:51:53.056 [cluster-ClusterId{value='5d933dd7d460a41b00e2ecc7', description='null'}-mflix-shard-00-00-qgaw0.mongodb.net:27017] DEBUG org.mongodb.driver.protocol.command - Execution of command with request id 30 completed successfully in 158.40 ms on connection [connectionId{localValue:7, serverValue:584816}] to server mflix-shard-00-00-qgaw0.mongodb.net:27017
08:51:53.056 [cluster-ClusterId{value='5d933dd7d460a41b00e2ecc7', description='null'}-mflix-shard-00-01-qgaw0.mongodb.net:27017] DEBUG org.mongodb.driver.protocol.command - Execution of command with request id 31 completed successfully in 157.80 ms on connection [connectionId{localValue:5, serverValue:523258}] to server mflix-shard-00-01-qgaw0.mongodb.net:27017
08:51:53.057 [cluster-ClusterId{value='5d933dd7d460a41b00e2ecc7', description='null'}-mflix-shard-00-00-qgaw0.mongodb.net:27017] INFO org.mongodb.driver.cluster - Monitor thread successfully connected to server with description ServerDescription{address=mflix-shard-00-00-qgaw0.mongodb.net:27017, type=REPLICA_SET_PRIMARY, state=CONNECTED, ok=true, version=ServerVersion{versionList=[4, 0, 12]}, minWireVersion=0, maxWireVersion=7, maxDocumentSize=16777216, logicalSessionTimeoutMinutes=30, roundTripTimeNanos=160315900, setName='mflix-shard-0', canonicalAddress=mflix-shard-00-00-qgaw0.mongodb.net:27017, hosts=[mflix-shard-00-02-qgaw0.mongodb.net:27017, mflix-shard-00-00-qgaw0.mongodb.net:27017, mflix-shard-00-01-qgaw0.mongodb.net:27017], passives=[], arbiters=[], primary='mflix-shard-00-00-qgaw0.mongodb.net:27017', tagSet=TagSet{[Tag{name='region', value='US_EAST_1'}, Tag{name='provider', value='AWS'}, Tag{name='nodeType', value='ELECTABLE'}]}, electionId=7fffffff0000000000000007, setVersion=1, lastWriteDate=Tue Oct 01 08:51:36 UYT 2019, lastUpdateTimeNanos=558299496242400}
08:51:53.057 [cluster-ClusterId{value='5d933dd7d460a41b00e2ecc7', description='null'}-mflix-shard-00-01-qgaw0.mongodb.net:27017] INFO org.mongodb.driver.cluster - Monitor thread successfully connected to server with description ServerDescription{address=mflix-shard-00-01-qgaw0.mongodb.net:27017, type=REPLICA_SET_SECONDARY, state=CONNECTED, ok=true, version=ServerVersion{versionList=[4, 0, 12]}, minWireVersion=0, maxWireVersion=7, maxDocumentSize=16777216, logicalSessionTimeoutMinutes=30, roundTripTimeNanos=159194500, setName='mflix-shard-0', canonicalAddress=mflix-shard-00-01-qgaw0.mongodb.net:27017, hosts=[mflix-shard-00-02-qgaw0.mongodb.net:27017, mflix-shard-00-00-qgaw0.mongodb.net:27017, mflix-shard-00-01-qgaw0.mongodb.net:27017], passives=[], arbiters=[], primary='mflix-shard-00-00-qgaw0.mongodb.net:27017', tagSet=TagSet{[Tag{name='region', value='US_EAST_1'}, Tag{name='provider', value='AWS'}, Tag{name='nodeType', value='ELECTABLE'}]}, electionId=null, setVersion=1, lastWriteDate=Tue Oct 01 08:51:36 UYT 2019, lastUpdateTimeNanos=558299496242600}
08:51:53.058 [cluster-ClusterId{value='5d933dd7d460a41b00e2ecc7', description='null'}-mflix-shard-00-00-qgaw0.mongodb.net:27017] INFO org.mongodb.driver.cluster - Setting max election id to 7fffffff0000000000000007 from replica set primary mflix-shard-00-00-qgaw0.mongodb.net:27017
08:51:53.058 [cluster-ClusterId{value='5d933dd7d460a41b00e2ecc7', description='null'}-mflix-shard-00-00-qgaw0.mongodb.net:27017] INFO org.mongodb.driver.cluster - Setting max set version to 1 from replica set primary mflix-shard-00-00-qgaw0.mongodb.net:27017
08:51:53.058 [cluster-ClusterId{value='5d933dd7d460a41b00e2ecc7', description='null'}-mflix-shard-00-00-qgaw0.mongodb.net:27017] INFO org.mongodb.driver.cluster - Discovered replica set primary mflix-shard-00-00-qgaw0.mongodb.net:27017
08:51:53.060 [cluster-ClusterId{value='5d933dd7d460a41b00e2ecc7', description='null'}-mflix-shard-00-00-qgaw0.mongodb.net:27017] DEBUG org.mongodb.driver.cluster - Updating cluster description to  {type=REPLICA_SET, servers=[{address=mflix-shard-00-01-qgaw0.mongodb.net:27017, type=UNKNOWN, state=CONNECTING}, {address=mflix-shard-00-00-qgaw0.mongodb.net:27017, type=REPLICA_SET_PRIMARY, TagSet{[Tag{name='region', value='US_EAST_1'}, Tag{name='provider', value='AWS'}, Tag{name='nodeType', value='ELECTABLE'}]}, roundTripTime=160.3 ms, state=CONNECTED}, {address=mflix-shard-00-02-qgaw0.mongodb.net:27017, type=REPLICA_SET_SECONDARY, TagSet{[Tag{name='region', value='US_EAST_1'}, Tag{name='provider', value='AWS'}, Tag{name='nodeType', value='ELECTABLE'}]}, roundTripTime=159.8 ms, state=CONNECTED}]
08:51:53.060 [cluster-ClusterId{value='5d933dd7d460a41b00e2ecc7', description='null'}-mflix-shard-00-01-qgaw0.mongodb.net:27017] DEBUG org.mongodb.driver.cluster - Updating cluster description to  {type=REPLICA_SET, servers=[{address=mflix-shard-00-01-qgaw0.mongodb.net:27017, type=REPLICA_SET_SECONDARY, TagSet{[Tag{name='region', value='US_EAST_1'}, Tag{name='provider', value='AWS'}, Tag{name='nodeType', value='ELECTABLE'}]}, roundTripTime=159.2 ms, state=CONNECTED}, {address=mflix-shard-00-00-qgaw0.mongodb.net:27017, type=REPLICA_SET_PRIMARY, TagSet{[Tag{name='region', value='US_EAST_1'}, Tag{name='provider', value='AWS'}, Tag{name='nodeType', value='ELECTABLE'}]}, roundTripTime=160.3 ms, state=CONNECTED}, {address=mflix-shard-00-02-qgaw0.mongodb.net:27017, type=REPLICA_SET_SECONDARY, TagSet{[Tag{name='region', value='US_EAST_1'}, Tag{name='provider', value='AWS'}, Tag{name='nodeType', value='ELECTABLE'}]}, roundTripTime=159.8 ms, state=CONNECTED}]
08:51:53.555 [cluster-ClusterId{value='5d933dd7d460a41b00e2ecc7', description='null'}-mflix-shard-00-02-qgaw0.mongodb.net:27017] DEBUG org.mongodb.driver.cluster - Checking status of mflix-shard-00-02-qgaw0.mongodb.net:27017
08:51:53.557 [cluster-ClusterId{value='5d933dd7d460a41b00e2ecc7', description='null'}-mflix-shard-00-02-qgaw0.mongodb.net:27017] DEBUG org.mongodb.driver.protocol.command - Sending command '{ "ismaster" : 1, "$db" : "admin", "$clusterTime" : { "clusterTime" : { "$timestamp" : { "t" : 1569930696, "i" : 13 } }, "signature" : { "hash" : { "$binary" : { "base64" : "C5LeE7Y6RGd2/P7jFupwCoFe00A=", "subType" : "00" } }, "keyId" : 6688656478204592130 } } }' with request id 33 to database admin on connection [connectionId{localValue:6, serverValue:525679}] to server mflix-shard-00-02-qgaw0.mongodb.net:27017
08:51:53.713 [cluster-ClusterId{value='5d933dd7d460a41b00e2ecc7', description='null'}-mflix-shard-00-02-qgaw0.mongodb.net:27017] DEBUG org.mongodb.driver.protocol.command - Execution of command with request id 33 completed successfully in 157.14 ms on connection [connectionId{localValue:6, serverValue:525679}] to server mflix-shard-00-02-qgaw0.mongodb.net:27017
08:51:53.715 [cluster-ClusterId{value='5d933dd7d460a41b00e2ecc7', description='null'}-mflix-shard-00-02-qgaw0.mongodb.net:27017] DEBUG org.mongodb.driver.cluster - Updating cluster description to  {type=REPLICA_SET, servers=[{address=mflix-shard-00-01-qgaw0.mongodb.net:27017, type=REPLICA_SET_SECONDARY, TagSet{[Tag{name='region', value='US_EAST_1'}, Tag{name='provider', value='AWS'}, Tag{name='nodeType', value='ELECTABLE'}]}, roundTripTime=159.2 ms, state=CONNECTED}, {address=mflix-shard-00-00-qgaw0.mongodb.net:27017, type=REPLICA_SET_PRIMARY, TagSet{[Tag{name='region', value='US_EAST_1'}, Tag{name='provider', value='AWS'}, Tag{name='nodeType', value='ELECTABLE'}]}, roundTripTime=160.3 ms, state=CONNECTED}, {address=mflix-shard-00-02-qgaw0.mongodb.net:27017, type=REPLICA_SET_SECONDARY, TagSet{[Tag{name='region', value='US_EAST_1'}, Tag{name='provider', value='AWS'}, Tag{name='nodeType', value='ELECTABLE'}]}, roundTripTime=159.5 ms, state=CONNECTED}]
08:51:54.527 [main] INFO org.mongodb.driver.connection - Opened connection [connectionId{localValue:8, serverValue:584816}] to mflix-shard-00-00-qgaw0.mongodb.net:27017
08:51:54.531 [main] DEBUG org.mongodb.driver.protocol.command - Sending command '{ "aggregate" : "movies", "pipeline" : [{ "$match" : { "lastupdated" : { "$type" : "string" } } }, { "$group" : { "_id" : null, "n" : { "$sum" : 1 } } }], "cursor" : { }, "$db" : "sample_mflix", "$clusterTime" : { "clusterTime" : { "$timestamp" : { "t" : 1569930696, "i" : 13 } }, "signature" : { "hash" : { "$binary" : { "base64" : "C5LeE7Y6RGd2/P7jFupwCoFe00A=", "subType" : "00" } }, "keyId" : 6688656478204592130 } }, "lsid" : { "id" : { "$binary" : { "base64" : "r0x9A5Q+T/GcFpfLHyJm8w==", "subType" : "04" } } } }' with request id 39 to database sample_mflix on connection [connectionId{localValue:8, serverValue:584816}] to server mflix-shard-00-00-qgaw0.mongodb.net:27017
08:51:54.713 [main] DEBUG org.mongodb.driver.protocol.command - Execution of command with request id 39 completed successfully in 183.00 ms on connection [connectionId{localValue:8, serverValue:584816}] to server mflix-shard-00-00-qgaw0.mongodb.net:27017
]]></system-out>
  </testcase>
</testsuite>